2022-06-20T09:29:52.949716+0300 INFO path:map1
2022-06-20T09:29:52.954989+0300 INFO API connected
2022-06-20T09:29:54.565149+0300 INFO product_geojson:{"features": [{"geometry": {"coordinates": [[[[37.438018, 54.949066], [38.546905, 54.955494], [38.607371, 55.055404], [38.694455, 55.198158], [38.78177, 55.340827], [38.869667, 55.48342], [38.958149, 55.625997], [39.047285, 55.768552], [39.136851, 55.911054], [39.156256, 55.941676], [39.156272, 55.945635], [37.398563, 55.935327], [37.438018, 54.949066]]]], "type": "MultiPolygon"}, "id": 0, "properties": {"beginposition": "2022-06-08T08:45:59.024000Z", "cloudcoverpercentage": 1.457317, "datastripidentifier": "S2B_OPER_MSI_L2A_DS_2BPS_20220608T105925_S20220608T085005_N04.00", "endposition": "2022-06-08T08:45:59.024000Z", "filename": "S2B_MSIL2A_20220608T084559_N0400_R107_T37UDB_20220608T105925.SAFE", "format": "SAFE", "generationdate": "2022-06-08T10:59:25.000000Z", "granuleidentifier": "S2B_OPER_MSI_L2A_TL_2BPS_20220608T105925_A027446_T37UDB_N04.00", "highprobacloudspercentage": 0.553566, "id": "2a3bc7b9-defd-4d9d-ae5f-2d17272e7256", "identifier": "S2B_MSIL2A_20220608T084559_N0400_R107_T37UDB_20220608T105925", "illuminationazimuthangle": 166.771478187866, "illuminationzenithangle": 33.1042522325967, "ingestiondate": "2022-06-08T18:24:39.876000Z", "instrumentname": "Multi-Spectral Instrument", "instrumentshortname": "MSI", "level1cpdiidentifier": "S2B_OPER_MSI_L1C_TL_2BPS_20220608T092801_A027446_T37UDB_N04.00", "link": "https://scihub.copernicus.eu/dhus/odata/v1/Products('2a3bc7b9-defd-4d9d-ae5f-2d17272e7256')/$value", "link_alternative": "https://scihub.copernicus.eu/dhus/odata/v1/Products('2a3bc7b9-defd-4d9d-ae5f-2d17272e7256')/", "link_icon": "https://scihub.copernicus.eu/dhus/odata/v1/Products('2a3bc7b9-defd-4d9d-ae5f-2d17272e7256')/Products('Quicklook')/$value", "mediumprobacloudspercentage": 0.70291, "notvegetatedpercentage": 12.98999, "ondemand": "false", "orbitdirection": "DESCENDING", "orbitnumber": 27446, "platformidentifier": "2017-013A", "platformname": "Sentinel-2", "platformserialidentifier": "Sentinel-2B", "processingbaseline": "04.00", "processinglevel": "Level-2A", "producttype": "S2MSI2A", "relativeorbitnumber": 107, "s2datatakeid": "GS2B_20220608T084559_027446_N04.00", "size": "1000.43 MB", "snowicepercentage": 2e-05, "summary": "Date: 2022-06-08T08:45:59.024Z, Instrument: MSI, Satellite: Sentinel-2, Size: 1000.43 MB", "title": "S2B_MSIL2A_20220608T084559_N0400_R107_T37UDB_20220608T105925", "unclassifiedpercentage": 0.235987, "uuid": "2a3bc7b9-defd-4d9d-ae5f-2d17272e7256", "vegetationpercentage": 83.54789, "waterpercentage": 0.818039}, "type": "Feature"}], "type": "FeatureCollection"}
2022-06-20T09:29:54.566181+0300 INFO id_product:2a3bc7b9-defd-4d9d-ae5f-2d17272e7256
2022-06-20T09:32:04.106100+0300 INFO The data from the satellite is downloaded
2022-06-20T09:32:34.927010+0300 INFO path:map1
2022-06-20T09:33:28.712674+0300 INFO File zip unpacked
2022-06-20T09:33:28.725343+0300 INFO make_field_masked_image_tiff
2022-06-20T09:35:15.361154+0300 INFO make_field_masked_image_tiff-out_meta: {'driver': 'GTiff', 'dtype': 'uint8', 'nodata': None, 'width': 169, 'height': 166, 'count': 3, 'crs': CRS.from_epsg(32637), 'transform': Affine(10.0, 0.0, 412090.0,
       0.0, -10.0, 6143730.0)}
2022-06-20T09:35:16.399755+0300 INFO RGB_10_TCI_field.png saved
2022-06-20T09:35:16.464219+0300 INFO RGB_10_TCI_masked.jpeg saved
2022-06-20T09:35:16.466722+0300 INFO make_field_ndvi_image_tiff
2022-06-20T09:36:56.431584+0300 INFO make_field_ndvi_image_tiff-out_meta: {'driver': 'GTiff', 'dtype': 'float32', 'nodata': None, 'width': 169, 'height': 166, 'count': 1, 'crs': CRS.from_epsg(32637), 'transform': Affine(10.0, 0.0, 412090.0,
       0.0, -10.0, 6143730.0)}
2022-06-20T09:36:56.515423+0300 INFO middle_array_img_new: 108.70906109645684
2022-06-20T09:36:56.516356+0300 INFO NDVI: min: 0.07726147770881653, max: 0.6716883182525635, middle: 0.51
2022-06-20T09:36:56.526382+0300 INFO NDVI_10_masked.jpeg saved
2022-06-20T09:36:56.533387+0300 INFO ndvi_file saved: {'ndvi_data': {'middle_ndvi': 0.51}}
2022-06-20T09:37:00.947715+0300 INFO NDVI_10_field.png saved
2022-06-20T09:37:01.151034+0300 INFO Buffer "sat_field_map1" removed
2022-06-20T09:37:04.429024+0300 INFO Files from ['./fields/map1/map1_NDVI_10.tiff', './fields/map1/map1_NDVI_10_masked.tiff', './fields/map1/map1_RGB_10_TCI.tiff', './fields/map1/map1_RGB_10_TCI_masked.tiff']" removed
2022-06-20T09:37:04.430506+0300 INFO Files from ['./fields/map1/map1_NDVI_10.tiff', './fields/map1/map1_NDVI_10_masked.tiff', './fields/map1/map1_RGB_10_TCI.tiff', './fields/map1/map1_RGB_10_TCI_masked.tiff']" removed
2022-06-20T09:37:04.441603+0300 INFO Files from ['./fields/map1/map1_NDVI_10.tiff', './fields/map1/map1_NDVI_10_masked.tiff', './fields/map1/map1_RGB_10_TCI.tiff', './fields/map1/map1_RGB_10_TCI_masked.tiff']" removed
2022-06-20T09:37:04.442659+0300 INFO Files from ['./fields/map1/map1_NDVI_10.tiff', './fields/map1/map1_NDVI_10_masked.tiff', './fields/map1/map1_RGB_10_TCI.tiff', './fields/map1/map1_RGB_10_TCI_masked.tiff']" removed
2022-06-20T14:46:49.573704+0300 INFO path:map2
2022-06-20T14:46:49.579163+0300 INFO API connected
2022-06-20T14:46:51.875601+0300 INFO product_geojson:{"features": [{"geometry": {"coordinates": [[[[46.627645, 59.438466], [46.6524, 59.470923], [46.760413, 59.611669], [46.869328, 59.752237], [46.961158, 59.869775], [46.991601, 60.384477], [46.89, 60.407306], [46.89022, 60.407585], [46.885577, 60.40864], [46.886356, 60.409631], [46.823563, 60.422813], [44.999637, 60.436457], [44.999647, 59.450525], [46.627645, 59.438466]]]], "type": "MultiPolygon"}, "id": 0, "properties": {"beginposition": "2022-04-28T08:26:11.024000Z", "cloudcoverpercentage": 8.164481, "datastripidentifier": "S2A_OPER_MSI_L2A_DS_ATOS_20220510T200118_S20220428T083305_N04.00", "endposition": "2022-04-28T08:26:11.024000Z", "filename": "S2A_MSIL2A_20220428T082611_N0400_R021_T38VNM_20220510T200118.SAFE", "format": "SAFE", "generationdate": "2022-05-10T20:01:18.000000Z", "granuleidentifier": "S2A_OPER_MSI_L2A_TL_ATOS_20220510T200118_A035768_T38VNM_N04.00", "highprobacloudspercentage": 0.0018769999999999998, "id": "d4316217-99cb-4ecd-8066-203b05520e53", "identifier": "S2A_MSIL2A_20220428T082611_N0400_R021_T38VNM_20220510T200118", "illuminationazimuthangle": 173.165420380892, "illuminationzenithangle": 45.9007391303677, "ingestiondate": "2022-05-10T22:16:36.180000Z", "instrumentname": "Multi-Spectral Instrument", "instrumentshortname": "MSI", "level1cpdiidentifier": "S2A_OPER_MSI_L1C_TL_ATOS_20220509T102850_A035768_T38VNM_N04.00", "link": "https://scihub.copernicus.eu/dhus/odata/v1/Products('d4316217-99cb-4ecd-8066-203b05520e53')/$value", "link_alternative": "https://scihub.copernicus.eu/dhus/odata/v1/Products('d4316217-99cb-4ecd-8066-203b05520e53')/", "link_icon": "https://scihub.copernicus.eu/dhus/odata/v1/Products('d4316217-99cb-4ecd-8066-203b05520e53')/Products('Quicklook')/$value", "mediumprobacloudspercentage": 0.064386, "notvegetatedpercentage": 31.446204, "ondemand": "false", "orbitdirection": "DESCENDING", "orbitnumber": 35768, "platformidentifier": "2015-028A", "platformname": "Sentinel-2", "platformserialidentifier": "Sentinel-2A", "processingbaseline": "04.00", "processinglevel": "Level-2A", "producttype": "S2MSI2A", "relativeorbitnumber": 21, "s2datatakeid": "GS2A_20220428T082611_035768_N04.00", "size": "1.11 GB", "snowicepercentage": 0.881089, "summary": "Date: 2022-04-28T08:26:11.024Z, Instrument: MSI, Satellite: Sentinel-2, Size: 1.11 GB", "title": "S2A_MSIL2A_20220428T082611_N0400_R021_T38VNM_20220510T200118", "unclassifiedpercentage": 0.049597, "uuid": "d4316217-99cb-4ecd-8066-203b05520e53", "vegetationpercentage": 59.144056, "waterpercentage": 0.178999}, "type": "Feature"}], "type": "FeatureCollection"}
2022-06-20T14:46:51.876160+0300 INFO id_product:d4316217-99cb-4ecd-8066-203b05520e53
2022-06-20T14:49:46.566691+0300 INFO The data from the satellite is downloaded
2022-06-20T14:50:45.273212+0300 INFO path:map2
2022-06-20T14:51:42.870589+0300 INFO File zip unpacked
2022-06-20T14:51:42.873294+0300 INFO make_field_masked_image_tiff
2022-06-20T15:44:40.943636+0300 INFO path:map2
2022-06-20T15:45:53.029680+0300 INFO File zip unpacked
2022-06-20T15:45:53.041980+0300 INFO make_field_masked_image_tiff
2022-06-20T15:47:27.972125+0300 INFO Input shapes do not overlap raster.
2022-06-20T15:47:27.979519+0300 INFO make_field_ndvi_image_tiff
2022-06-20T16:23:26.682245+0300 INFO path:map2
2022-06-20T16:24:04.527717+0300 INFO File zip unpacked
2022-06-20T16:24:04.545013+0300 INFO make_field_masked_image_tiff
2022-06-20T16:25:43.562713+0300 INFO Input shapes do not overlap raster.
2022-06-20T16:32:13.274104+0300 INFO path:map3
2022-06-20T16:32:13.316459+0300 INFO API connected
2022-06-20T16:32:14.546516+0300 INFO product_geojson:{"features": [{"geometry": {"coordinates": [[[[46.627645, 59.438466], [46.6524, 59.470923], [46.760413, 59.611669], [46.869328, 59.752237], [46.961158, 59.869775], [46.991601, 60.384477], [46.89, 60.407306], [46.89022, 60.407585], [46.885577, 60.40864], [46.886356, 60.409631], [46.823563, 60.422813], [44.999637, 60.436457], [44.999647, 59.450525], [46.627645, 59.438466]]]], "type": "MultiPolygon"}, "id": 0, "properties": {"beginposition": "2022-04-28T08:26:11.024000Z", "cloudcoverpercentage": 8.164481, "datastripidentifier": "S2A_OPER_MSI_L2A_DS_ATOS_20220510T200118_S20220428T083305_N04.00", "endposition": "2022-04-28T08:26:11.024000Z", "filename": "S2A_MSIL2A_20220428T082611_N0400_R021_T38VNM_20220510T200118.SAFE", "format": "SAFE", "generationdate": "2022-05-10T20:01:18.000000Z", "granuleidentifier": "S2A_OPER_MSI_L2A_TL_ATOS_20220510T200118_A035768_T38VNM_N04.00", "highprobacloudspercentage": 0.0018769999999999998, "id": "d4316217-99cb-4ecd-8066-203b05520e53", "identifier": "S2A_MSIL2A_20220428T082611_N0400_R021_T38VNM_20220510T200118", "illuminationazimuthangle": 173.165420380892, "illuminationzenithangle": 45.9007391303677, "ingestiondate": "2022-05-10T22:16:36.180000Z", "instrumentname": "Multi-Spectral Instrument", "instrumentshortname": "MSI", "level1cpdiidentifier": "S2A_OPER_MSI_L1C_TL_ATOS_20220509T102850_A035768_T38VNM_N04.00", "link": "https://scihub.copernicus.eu/dhus/odata/v1/Products('d4316217-99cb-4ecd-8066-203b05520e53')/$value", "link_alternative": "https://scihub.copernicus.eu/dhus/odata/v1/Products('d4316217-99cb-4ecd-8066-203b05520e53')/", "link_icon": "https://scihub.copernicus.eu/dhus/odata/v1/Products('d4316217-99cb-4ecd-8066-203b05520e53')/Products('Quicklook')/$value", "mediumprobacloudspercentage": 0.064386, "notvegetatedpercentage": 31.446204, "ondemand": "false", "orbitdirection": "DESCENDING", "orbitnumber": 35768, "platformidentifier": "2015-028A", "platformname": "Sentinel-2", "platformserialidentifier": "Sentinel-2A", "processingbaseline": "04.00", "processinglevel": "Level-2A", "producttype": "S2MSI2A", "relativeorbitnumber": 21, "s2datatakeid": "GS2A_20220428T082611_035768_N04.00", "size": "1.11 GB", "snowicepercentage": 0.881089, "summary": "Date: 2022-04-28T08:26:11.024Z, Instrument: MSI, Satellite: Sentinel-2, Size: 1.11 GB", "title": "S2A_MSIL2A_20220428T082611_N0400_R021_T38VNM_20220510T200118", "unclassifiedpercentage": 0.049597, "uuid": "d4316217-99cb-4ecd-8066-203b05520e53", "vegetationpercentage": 59.144056, "waterpercentage": 0.178999}, "type": "Feature"}], "type": "FeatureCollection"}
2022-06-20T16:32:14.547318+0300 INFO id_product:d4316217-99cb-4ecd-8066-203b05520e53
2022-06-20T16:35:29.481045+0300 INFO The data from the satellite is downloaded
2022-06-20T16:36:22.472509+0300 INFO path:map3
2022-06-20T16:37:17.275031+0300 INFO File zip unpacked
2022-06-20T16:37:17.304825+0300 INFO make_field_masked_image_tiff
2022-06-20T16:38:43.624614+0300 INFO Input shapes do not overlap raster.
2022-06-20T16:46:22.773049+0300 INFO path:map1
2022-06-20T16:46:22.804965+0300 INFO API connected
2022-06-20T16:46:25.004831+0300 INFO product_geojson:{"features": [{"geometry": {"coordinates": [[[[46.627645, 59.438466], [46.6524, 59.470923], [46.760413, 59.611669], [46.869328, 59.752237], [46.961158, 59.869775], [46.991601, 60.384477], [46.89, 60.407306], [46.89022, 60.407585], [46.885577, 60.40864], [46.886356, 60.409631], [46.823563, 60.422813], [44.999637, 60.436457], [44.999647, 59.450525], [46.627645, 59.438466]]]], "type": "MultiPolygon"}, "id": 0, "properties": {"beginposition": "2022-04-28T08:26:11.024000Z", "cloudcoverpercentage": 8.164481, "datastripidentifier": "S2A_OPER_MSI_L2A_DS_ATOS_20220510T200118_S20220428T083305_N04.00", "endposition": "2022-04-28T08:26:11.024000Z", "filename": "S2A_MSIL2A_20220428T082611_N0400_R021_T38VNM_20220510T200118.SAFE", "format": "SAFE", "generationdate": "2022-05-10T20:01:18.000000Z", "granuleidentifier": "S2A_OPER_MSI_L2A_TL_ATOS_20220510T200118_A035768_T38VNM_N04.00", "highprobacloudspercentage": 0.0018769999999999998, "id": "d4316217-99cb-4ecd-8066-203b05520e53", "identifier": "S2A_MSIL2A_20220428T082611_N0400_R021_T38VNM_20220510T200118", "illuminationazimuthangle": 173.165420380892, "illuminationzenithangle": 45.9007391303677, "ingestiondate": "2022-05-10T22:16:36.180000Z", "instrumentname": "Multi-Spectral Instrument", "instrumentshortname": "MSI", "level1cpdiidentifier": "S2A_OPER_MSI_L1C_TL_ATOS_20220509T102850_A035768_T38VNM_N04.00", "link": "https://scihub.copernicus.eu/dhus/odata/v1/Products('d4316217-99cb-4ecd-8066-203b05520e53')/$value", "link_alternative": "https://scihub.copernicus.eu/dhus/odata/v1/Products('d4316217-99cb-4ecd-8066-203b05520e53')/", "link_icon": "https://scihub.copernicus.eu/dhus/odata/v1/Products('d4316217-99cb-4ecd-8066-203b05520e53')/Products('Quicklook')/$value", "mediumprobacloudspercentage": 0.064386, "notvegetatedpercentage": 31.446204, "ondemand": "false", "orbitdirection": "DESCENDING", "orbitnumber": 35768, "platformidentifier": "2015-028A", "platformname": "Sentinel-2", "platformserialidentifier": "Sentinel-2A", "processingbaseline": "04.00", "processinglevel": "Level-2A", "producttype": "S2MSI2A", "relativeorbitnumber": 21, "s2datatakeid": "GS2A_20220428T082611_035768_N04.00", "size": "1.11 GB", "snowicepercentage": 0.881089, "summary": "Date: 2022-04-28T08:26:11.024Z, Instrument: MSI, Satellite: Sentinel-2, Size: 1.11 GB", "title": "S2A_MSIL2A_20220428T082611_N0400_R021_T38VNM_20220510T200118", "unclassifiedpercentage": 0.049597, "uuid": "d4316217-99cb-4ecd-8066-203b05520e53", "vegetationpercentage": 59.144056, "waterpercentage": 0.178999}, "type": "Feature"}], "type": "FeatureCollection"}
2022-06-20T16:46:25.006327+0300 INFO id_product:d4316217-99cb-4ecd-8066-203b05520e53
2022-06-20T16:49:27.722173+0300 INFO The data from the satellite is downloaded
2022-06-20T16:50:25.017748+0300 INFO path:map1
2022-06-20T16:51:00.487765+0300 INFO File zip unpacked
2022-06-20T16:51:00.553046+0300 INFO make_field_masked_image_tiff
2022-06-20T16:52:14.800261+0300 INFO Input shapes do not overlap raster.
2022-06-20T16:58:36.850461+0300 INFO path:map2
2022-06-20T16:58:36.900850+0300 INFO API connected
2022-06-20T16:58:38.009299+0300 INFO product_geojson:{"features": [{"geometry": {"coordinates": [[[[43.187875, 60.3363], [44.819831, 60.346333], [44.831418, 60.360678], [44.945712, 60.500973], [45.060578, 60.641191], [45.176521, 60.781254], [45.17929, 60.784575], [45.182374, 61.33432], [43.131248, 61.321591], [43.187875, 60.3363]]]], "type": "MultiPolygon"}, "id": 0, "properties": {"beginposition": "2022-04-21T08:36:11.024000Z", "cloudcoverpercentage": 0.043164, "datastripidentifier": "S2A_OPER_MSI_L2A_DS_VGS4_20220421T124655_S20220421T084010_N04.00", "endposition": "2022-04-21T08:36:11.024000Z", "filename": "S2A_MSIL2A_20220421T083611_N0400_R064_T38VMN_20220421T124655.SAFE", "format": "SAFE", "generationdate": "2022-04-21T12:46:55.000000Z", "granuleidentifier": "S2A_OPER_MSI_L2A_TL_VGS4_20220421T124655_A035668_T38VMN_N04.00", "highprobacloudspercentage": 4.8e-05, "id": "62c31b8c-5e92-4549-bc7b-337dcb3ed34c", "identifier": "S2A_MSIL2A_20220421T083611_N0400_R064_T38VMN_20220421T124655", "illuminationazimuthangle": 173.873372844162, "illuminationzenithangle": 49.0593440686477, "ingestiondate": "2022-04-21T19:39:46.823000Z", "instrumentname": "Multi-Spectral Instrument", "instrumentshortname": "MSI", "level1cpdiidentifier": "S2A_OPER_MSI_L1C_TL_VGS4_20220421T100626_A035668_T38VMN_N04.00", "link": "https://scihub.copernicus.eu/dhus/odata/v1/Products('62c31b8c-5e92-4549-bc7b-337dcb3ed34c')/$value", "link_alternative": "https://scihub.copernicus.eu/dhus/odata/v1/Products('62c31b8c-5e92-4549-bc7b-337dcb3ed34c')/", "link_icon": "https://scihub.copernicus.eu/dhus/odata/v1/Products('62c31b8c-5e92-4549-bc7b-337dcb3ed34c')/Products('Quicklook')/$value", "mediumprobacloudspercentage": 0.010207, "notvegetatedpercentage": 30.952865, "ondemand": "false", "orbitdirection": "DESCENDING", "orbitnumber": 35668, "platformidentifier": "2015-028A", "platformname": "Sentinel-2", "platformserialidentifier": "Sentinel-2A", "processingbaseline": "04.00", "processinglevel": "Level-2A", "producttype": "S2MSI2A", "relativeorbitnumber": 64, "s2datatakeid": "GS2A_20220421T083611_035668_N04.00", "size": "1.19 GB", "snowicepercentage": 47.369117, "summary": "Date: 2022-04-21T08:36:11.024Z, Instrument: MSI, Satellite: Sentinel-2, Size: 1.19 GB", "title": "S2A_MSIL2A_20220421T083611_N0400_R064_T38VMN_20220421T124655", "unclassifiedpercentage": 0.022988, "uuid": "62c31b8c-5e92-4549-bc7b-337dcb3ed34c", "vegetationpercentage": 21.234374, "waterpercentage": 0.376631}, "type": "Feature"}], "type": "FeatureCollection"}
2022-06-20T16:58:38.010159+0300 INFO id_product:62c31b8c-5e92-4549-bc7b-337dcb3ed34c
2022-06-20T17:02:10.177855+0300 INFO The data from the satellite is downloaded
2022-06-20T17:02:13.869200+0300 INFO path:map2
2022-06-20T17:02:59.963792+0300 INFO File zip unpacked
2022-06-20T17:02:59.971432+0300 INFO make_field_masked_image_tiff
2022-06-20T17:04:40.110851+0300 INFO Input shapes do not overlap raster.
2022-06-20T17:08:15.520146+0300 INFO path:map13
2022-06-20T17:08:15.570795+0300 INFO API connected
2022-06-20T17:08:16.649822+0300 INFO product_geojson:{"features": [{"geometry": {"coordinates": [[[[37.402199, 55.846948], [39.102821, 55.856911], [39.136851, 55.911054], [39.156266, 55.941691], [39.159994, 56.843709], [37.360438, 56.833047], [37.402199, 55.846948]]]], "type": "MultiPolygon"}, "id": 0, "properties": {"beginposition": "2022-06-08T08:45:59.024000Z", "cloudcoverpercentage": 0.000143, "datastripidentifier": "S2B_OPER_MSI_L2A_DS_2BPS_20220608T105925_S20220608T085005_N04.00", "endposition": "2022-06-08T08:45:59.024000Z", "filename": "S2B_MSIL2A_20220608T084559_N0400_R107_T37VDC_20220608T105925.SAFE", "format": "SAFE", "generationdate": "2022-06-08T10:59:25.000000Z", "granuleidentifier": "S2B_OPER_MSI_L2A_TL_2BPS_20220608T105925_A027446_T37VDC_N04.00", "highprobacloudspercentage": 1.7e-05, "id": "3bcc6d6f-bb1f-4e37-bb6d-9fcd94cbd499", "identifier": "S2B_MSIL2A_20220608T084559_N0400_R107_T37VDC_20220608T105925", "illuminationazimuthangle": 166.953743773516, "illuminationzenithangle": 33.9885296822473, "ingestiondate": "2022-06-08T18:26:44.104000Z", "instrumentname": "Multi-Spectral Instrument", "instrumentshortname": "MSI", "level1cpdiidentifier": "S2B_OPER_MSI_L1C_TL_2BPS_20220608T092801_A027446_T37VDC_N04.00", "link": "https://scihub.copernicus.eu/dhus/odata/v1/Products('3bcc6d6f-bb1f-4e37-bb6d-9fcd94cbd499')/$value", "link_alternative": "https://scihub.copernicus.eu/dhus/odata/v1/Products('3bcc6d6f-bb1f-4e37-bb6d-9fcd94cbd499')/", "link_icon": "https://scihub.copernicus.eu/dhus/odata/v1/Products('3bcc6d6f-bb1f-4e37-bb6d-9fcd94cbd499')/Products('Quicklook')/$value", "mediumprobacloudspercentage": 1.7e-05, "notvegetatedpercentage": 4.858983, "ondemand": "false", "orbitdirection": "DESCENDING", "orbitnumber": 27446, "platformidentifier": "2017-013A", "platformname": "Sentinel-2", "platformserialidentifier": "Sentinel-2B", "processingbaseline": "04.00", "processinglevel": "Level-2A", "producttype": "S2MSI2A", "relativeorbitnumber": 107, "s2datatakeid": "GS2B_20220608T084559_027446_N04.00", "size": "1.08 GB", "snowicepercentage": 6.999999999999998e-05, "summary": "Date: 2022-06-08T08:45:59.024Z, Instrument: MSI, Satellite: Sentinel-2, Size: 1.08 GB", "title": "S2B_MSIL2A_20220608T084559_N0400_R107_T37VDC_20220608T105925", "unclassifiedpercentage": 0.163174, "uuid": "3bcc6d6f-bb1f-4e37-bb6d-9fcd94cbd499", "vegetationpercentage": 93.672931, "waterpercentage": 1.301949}, "type": "Feature"}], "type": "FeatureCollection"}
2022-06-20T17:08:16.652913+0300 INFO id_product:3bcc6d6f-bb1f-4e37-bb6d-9fcd94cbd499
2022-06-20T17:10:59.241659+0300 INFO The data from the satellite is downloaded
2022-06-20T17:11:37.054867+0300 INFO path:map13
2022-06-20T17:12:46.916801+0300 INFO File zip unpacked
2022-06-20T17:12:46.979068+0300 INFO make_field_masked_image_tiff
2022-06-20T17:14:30.565506+0300 INFO make_field_masked_image_tiff-out_meta: {'driver': 'GTiff', 'dtype': 'uint8', 'nodata': None, 'width': 177, 'height': 185, 'count': 3, 'crs': CRS.from_epsg(32637), 'transform': Affine(10.0, 0.0, 443720.0,
       0.0, -10.0, 6238230.0)}
2022-06-20T17:14:31.548649+0300 INFO RGB_10_TCI_field.png saved
2022-06-20T17:14:31.562425+0300 INFO RGB_10_TCI_masked.jpeg saved
2022-06-20T17:14:31.564077+0300 INFO make_field_ndvi_image_tiff
2022-06-20T17:15:51.941760+0300 INFO make_field_ndvi_image_tiff-out_meta: {'driver': 'GTiff', 'dtype': 'float32', 'nodata': None, 'width': 177, 'height': 185, 'count': 1, 'crs': CRS.from_epsg(32637), 'transform': Affine(10.0, 0.0, 443720.0,
       0.0, -10.0, 6238230.0)}
2022-06-20T17:15:51.991109+0300 INFO middle_array_img_new: 103.54808367689724
2022-06-20T17:15:51.992423+0300 INFO NDVI: min: 0.030774934217333794, max: 0.7326637506484985, middle: 0.56
2022-06-20T17:15:52.000650+0300 INFO NDVI_10_masked.jpeg saved
2022-06-20T17:15:52.012402+0300 INFO ndvi_file saved: {'ndvi_data': {'middle_ndvi': 0.56}}
2022-06-20T17:15:53.628380+0300 INFO NDVI_10_field.png saved
2022-06-20T17:15:53.705696+0300 INFO Buffer "sat_field_map13" removed
2022-06-20T17:16:09.276906+0300 INFO Files from ['./fields/map13/map13_NDVI_10.tiff', './fields/map13/map13_NDVI_10_masked.tiff', './fields/map13/map13_RGB_10_TCI.tiff', './fields/map13/map13_RGB_10_TCI_masked.tiff']" removed
2022-06-20T17:16:09.277478+0300 INFO Files from ['./fields/map13/map13_NDVI_10.tiff', './fields/map13/map13_NDVI_10_masked.tiff', './fields/map13/map13_RGB_10_TCI.tiff', './fields/map13/map13_RGB_10_TCI_masked.tiff']" removed
2022-06-20T17:16:09.279349+0300 INFO Files from ['./fields/map13/map13_NDVI_10.tiff', './fields/map13/map13_NDVI_10_masked.tiff', './fields/map13/map13_RGB_10_TCI.tiff', './fields/map13/map13_RGB_10_TCI_masked.tiff']" removed
2022-06-20T17:16:09.281437+0300 INFO Files from ['./fields/map13/map13_NDVI_10.tiff', './fields/map13/map13_NDVI_10_masked.tiff', './fields/map13/map13_RGB_10_TCI.tiff', './fields/map13/map13_RGB_10_TCI_masked.tiff']" removed
